<?xml version="1.0" encoding="UTF-8"?>
<testsuite name="games.game2048.TestGame2048" tests="1" skipped="0" failures="0" errors="0" timestamp="2023-05-22T17:59:55" hostname="iMac" time="0.008">
  <properties/>
  <testcase name="testMoves" classname="games.game2048.TestGame2048" time="0.008"/>
  <system-out><![CDATA[]]></system-out>
  <system-err><![CDATA[]]></system-err>
</testsuite>
